2025-03-24 18:47:13,908 INFO s.s.S.c.ConfigInitializer [main] Created settings file from template
2025-03-24 18:47:13,911 INFO s.s.S.c.ConfigInitializer [main] Created custom_settings file: ./configs/custom_settings.yml
2025-03-24 18:47:13,920 INFO s.s.S.SPDFApplication [main] Settings file: ./configs/settings.yml
2025-03-24 18:47:13,921 INFO s.s.S.SPDFApplication [main] Custom settings file: ./configs/custom_settings.yml
2025-03-24 18:47:15,503 INFO s.s.S.SPDFApplication [main] Starting SPDFApplication v0.44.3 using Java 21.0.6 with PID 28 (/app-security.jar started by stirlingpdfuser in /)
2025-03-24 18:47:15,505 INFO s.s.S.SPDFApplication [main] The following 1 profile is active: "default"
2025-03-24 18:47:21,917 INFO s.s.S.c.s.d.DatabaseConfig [main] Using default H2 database
2025-03-24 18:47:28,307 INFO s.s.S.SPDFApplication [main] Running configs ApplicationProperties(legal=ApplicationProperties.Legal(termsAndConditions=https://www.stirlingpdf.com/terms-and-conditions, privacyPolicy=https://www.stirlingpdf.com/privacy-policy, accessibilityStatement=, cookiePolicy=, impressum=), security=ApplicationProperties.Security(enableLogin=true, csrfDisabled=false, initialLogin=ApplicationProperties.Security.InitialLogin(username=}), oauth2=ApplicationProperties.Security.OAUTH2(enabled=false, issuer=, clientId=, autoCreateUser=true, blockRegistration=false, useAsUsername=email, scopes=[openid, profile, email], provider=google, client=ApplicationProperties.Security.OAUTH2.Client(google=Google [clientId=, clientSecret=NULL, scopes=[email, profile], useAsUsername=EMAIL], github=GitHub [clientId=, clientSecret=NULL, scopes=[read:user], useAsUsername=LOGIN], keycloak=Keycloak [issuer=, clientId=, clientSecret=NULL, scopes=[openid, profile, email], useAsUsername=PREFERRED_USERNAME]), logoutUrl=null), saml2=ApplicationProperties.Security.SAML2(provider=, enabled=false, autoCreateUser=true, blockRegistration=false, registrationId=stirling, idpSingleLogoutUrl=https://dev-XXXXXXXX.okta.com/app/dev-XXXXXXXX_stirlingpdf_1/externalKey/slo/saml, idpSingleLoginUrl=https://dev-XXXXXXXX.okta.com/app/dev-XXXXXXXX_stirlingpdf_1/externalKey/sso/saml, idpIssuer=, idpCert=class path resource [okta.cert]), loginAttemptCount=5, loginResetTimeMinutes=120, loginMethod=all, customGlobalAPIKey=null), system=ApplicationProperties.System(defaultLocale=en-US, googlevisibility=false, showUpdate=false, showUpdateOnlyAdmin=false, customHTMLFiles=false, tessdataDir=/usr/share/tessdata, enableAlphaFunctionality=false, enableAnalytics=null, datasource=ApplicationProperties.Datasource(enableCustomDatabase=false, customDatabaseUrl=, type=postgresql, hostName=localhost, port=5432, name=postgres, username=postgres), disableSanitize=false, customPaths=ApplicationProperties.CustomPaths(pipeline=ApplicationProperties.CustomPaths.Pipeline(watchedFoldersDir=, finishedFoldersDir=, webUIConfigsDir=null), operations=ApplicationProperties.CustomPaths.Operations(weasyprint=, unoconvert=))), ui=ApplicationProperties.Ui(appName=null, homeDescription=null, appNameNavbar=null, languages=[]), endpoints=ApplicationProperties.Endpoints(toRemove=[], groupsToRemove=[]), metrics=ApplicationProperties.Metrics(enabled=true), automaticallyGenerated=ApplicationProperties.AutomaticallyGenerated(UUID=example, appVersion=0.35.0), enterpriseEdition=ApplicationProperties.EnterpriseEdition(enabled=false, maxUsers=0, ssoAutoLogin=false, customMetadata=ApplicationProperties.EnterpriseEdition.CustomMetadata(autoUpdateMetadata=false, author=username, creator=Stirling-PDF, producer=Stirling-PDF)), autoPipeline=ApplicationProperties.AutoPipeline(outputFolder=null), processExecutor=ApplicationProperties.ProcessExecutor(sessionLimit=ApplicationProperties.ProcessExecutor.SessionLimit(libreOfficeSessionLimit=1, pdfToHtmlSessionLimit=1, pythonOpenCvSessionLimit=8, weasyPrintSessionLimit=16, installAppSessionLimit=1, calibreSessionLimit=1, qpdfSessionLimit=4, tesseractSessionLimit=1), timeoutMinutes=ApplicationProperties.ProcessExecutor.TimeoutMinutes(libreOfficeTimeoutMinutes=30, pdfToHtmlTimeoutMinutes=20, pythonOpenCvTimeoutMinutes=30, weasyPrintTimeoutMinutes=30, installAppTimeoutMinutes=60, calibreTimeoutMinutes=30, tesseractTimeoutMinutes=30, qpdfTimeoutMinutes=30)))
2025-03-24 18:47:30,885 INFO s.s.S.c.s.d.DatabaseService [main] Database export completed: configs/db/backup/backup_202503241847.sql
2025-03-24 18:47:30,885 INFO s.s.S.c.s.InitialSecuritySetup [main] Default admin user created: admin
2025-03-24 18:47:30,975 INFO s.s.S.c.s.d.DatabaseService [main] Database export completed: configs/db/backup/backup_202503241847.sql
2025-03-24 18:47:31,040 INFO s.s.S.c.s.d.DatabaseService [main] Database export completed: configs/db/backup/backup_202503241847.sql
2025-03-24 18:47:31,040 INFO s.s.S.c.s.InitialSecuritySetup [main] Internal API user created: STIRLING-PDF-BACKEND-API-USER
2025-03-24 18:47:31,130 INFO s.s.S.c.a.SplitPdfBySizeController [main] SplitPdfBySizeController initialized with pdfDocumentFactory: CustomPDFDocumentFactory
2025-03-24 18:47:31,755 INFO s.s.S.u.FileMonitor [main] Monitoring directory: ./pipeline/watchedFolders
2025-03-24 18:47:35,121 INFO s.s.S.c.EndpointInspector [main] Discovered 98 valid GET endpoints
2025-03-24 18:47:35,125 INFO s.s.S.SPDFApplication [main] Started SPDFApplication in 21.186 seconds (process running for 24.105)
2025-03-24 18:47:35,151 WARN s.s.S.u.FileMonitor [scheduling-1] not monitoring any directory, even the root directory itself: ./pipeline/watchedFolders
2025-03-24 18:47:35,152 INFO s.s.S.SPDFApplication [main] Stirling-PDF Started.
2025-03-24 18:47:35,153 INFO s.s.S.SPDFApplication [main] Navigate to http://localhost:8080/
2025-03-24 18:47:35,158 INFO s.s.S.c.a.p.PipelineDirectoryProcessor [scheduling-1] Created directory: /./pipeline/watchedFolders
2025-03-24 18:47:40,119 WARN s.s.S.u.FileMonitor [scheduling-1] not monitoring any directory, even the root directory itself: ./pipeline/watchedFolders
2025-03-24 18:47:40,120 INFO s.s.S.u.FileMonitor [scheduling-1] Registered directory: ./pipeline/watchedFolders
